  [1m[36m (78.1ms)[0m  [1mCREATE TABLE "schema_migrations" ("version" varchar(255) NOT NULL) [0m
  [1m[35m (0.0ms)[0m  select sqlite_version(*)
  [1m[36m (46.9ms)[0m  [1mCREATE UNIQUE INDEX "unique_schema_migrations" ON "schema_migrations" ("version")[0m
  [1m[35mActiveRecord::SchemaMigration Load (0.0ms)[0m  SELECT "schema_migrations".* FROM "schema_migrations"
Migrating to CreatePhones (20150311134333)
  [1m[36m (0.0ms)[0m  [1mbegin transaction[0m
  [1m[35m (15.6ms)[0m  CREATE TABLE "phones" ("id" INTEGER PRIMARY KEY AUTOINCREMENT NOT NULL, "name" varchar(255), "phone" varchar(255), "created_at" datetime, "updated_at" datetime) 
  [1m[36mSQL (0.0ms)[0m  [1mINSERT INTO "schema_migrations" ("version") VALUES (?)[0m  [["version", "20150311134333"]]
  [1m[35m (46.9ms)[0m  commit transaction
  [1m[36mActiveRecord::SchemaMigration Load (15.6ms)[0m  [1mSELECT "schema_migrations".* FROM "schema_migrations"[0m


Started GET "/" for 127.0.0.1 at 2015-03-11 16:46:54 +0300
  [1m[36mActiveRecord::SchemaMigration Load (0.0ms)[0m  [1mSELECT "schema_migrations".* FROM "schema_migrations"[0m
Processing by Rails::WelcomeController#index as HTML
  Rendered C:/RailsInstaller/Ruby2.1.0/lib/ruby/gems/2.1.0/gems/railties-4.1.8/lib/rails/templates/rails/welcome/index.html.erb (8.0ms)
Completed 200 OK in 214ms (Views: 85.7ms | ActiveRecord: 0.0ms)


Started GET "/phone" for 127.0.0.1 at 2015-03-11 16:47:20 +0300

ActionController::RoutingError (No route matches [GET] "/phone"):
  actionpack (4.1.8) lib/action_dispatch/middleware/debug_exceptions.rb:21:in `call'
  actionpack (4.1.8) lib/action_dispatch/middleware/show_exceptions.rb:30:in `call'
  railties (4.1.8) lib/rails/rack/logger.rb:38:in `call_app'
  railties (4.1.8) lib/rails/rack/logger.rb:20:in `block in call'
  activesupport (4.1.8) lib/active_support/tagged_logging.rb:68:in `block in tagged'
  activesupport (4.1.8) lib/active_support/tagged_logging.rb:26:in `tagged'
  activesupport (4.1.8) lib/active_support/tagged_logging.rb:68:in `tagged'
  railties (4.1.8) lib/rails/rack/logger.rb:20:in `call'
  actionpack (4.1.8) lib/action_dispatch/middleware/request_id.rb:21:in `call'
  rack (1.5.2) lib/rack/methodoverride.rb:21:in `call'
  rack (1.5.2) lib/rack/runtime.rb:17:in `call'
  activesupport (4.1.8) lib/active_support/cache/strategy/local_cache_middleware.rb:26:in `call'
  rack (1.5.2) lib/rack/lock.rb:17:in `call'
  actionpack (4.1.8) lib/action_dispatch/middleware/static.rb:84:in `call'
  rack (1.5.2) lib/rack/sendfile.rb:112:in `call'
  railties (4.1.8) lib/rails/engine.rb:514:in `call'
  railties (4.1.8) lib/rails/application.rb:144:in `call'
  rack (1.5.2) lib/rack/lock.rb:17:in `call'
  rack (1.5.2) lib/rack/content_length.rb:14:in `call'
  rack (1.5.2) lib/rack/handler/webrick.rb:60:in `service'
  C:/RailsInstaller/Ruby2.1.0/lib/ruby/2.1.0/webrick/httpserver.rb:138:in `service'
  C:/RailsInstaller/Ruby2.1.0/lib/ruby/2.1.0/webrick/httpserver.rb:94:in `run'
  C:/RailsInstaller/Ruby2.1.0/lib/ruby/2.1.0/webrick/server.rb:295:in `block in start_thread'


  Rendered C:/RailsInstaller/Ruby2.1.0/lib/ruby/gems/2.1.0/gems/actionpack-4.1.8/lib/action_dispatch/middleware/templates/rescues/_trace.html.erb (1.0ms)
  Rendered C:/RailsInstaller/Ruby2.1.0/lib/ruby/gems/2.1.0/gems/actionpack-4.1.8/lib/action_dispatch/middleware/templates/routes/_route.html.erb (1.0ms)
  Rendered C:/RailsInstaller/Ruby2.1.0/lib/ruby/gems/2.1.0/gems/actionpack-4.1.8/lib/action_dispatch/middleware/templates/routes/_table.html.erb (35.8ms)
  Rendered C:/RailsInstaller/Ruby2.1.0/lib/ruby/gems/2.1.0/gems/actionpack-4.1.8/lib/action_dispatch/middleware/templates/rescues/routing_error.html.erb within rescues/layout (103.0ms)


Started GET "/phones" for 127.0.0.1 at 2015-03-11 16:47:27 +0300
Processing by PhonesController#index as HTML
  [1m[35mPhone Load (0.0ms)[0m  SELECT "phones".* FROM "phones"
  Rendered phones/index.html.erb within layouts/application (3.1ms)
Completed 500 Internal Server Error in 3635ms

ActionView::Template::Error (TypeError: Object doesn't support this property or method
  (in C:/RailsInstaller/Ruby2.1.0/lib/ruby/gems/2.1.0/gems/turbolinks-2.5.3/lib/assets/javascripts/turbolinks.js.coffee)):
    3: <head>
    4:   <title>Phonebook</title>
    5:   <%= stylesheet_link_tag    'application', media: 'all', 'data-turbolinks-track' => true %>
    6:   <%= javascript_include_tag 'application', 'data-turbolinks-track' => true %>
    7:   <%= csrf_meta_tags %>
    8: </head>
    9: <body>
  app/views/layouts/application.html.erb:6:in `_app_views_layouts_application_html_erb___58094770_46867740'


  Rendered C:/RailsInstaller/Ruby2.1.0/lib/ruby/gems/2.1.0/gems/actionpack-4.1.8/lib/action_dispatch/middleware/templates/rescues/_trace.html.erb (1.0ms)
  Rendered C:/RailsInstaller/Ruby2.1.0/lib/ruby/gems/2.1.0/gems/actionpack-4.1.8/lib/action_dispatch/middleware/templates/rescues/_request_and_response.html.erb (1.0ms)
  Rendered C:/RailsInstaller/Ruby2.1.0/lib/ruby/gems/2.1.0/gems/actionpack-4.1.8/lib/action_dispatch/middleware/templates/rescues/template_error.html.erb within rescues/layout (33.5ms)


Started GET "/phone" for 127.0.0.1 at 2015-03-11 16:47:46 +0300

ActionController::RoutingError (No route matches [GET] "/phone"):
  actionpack (4.1.8) lib/action_dispatch/middleware/debug_exceptions.rb:21:in `call'
  actionpack (4.1.8) lib/action_dispatch/middleware/show_exceptions.rb:30:in `call'
  railties (4.1.8) lib/rails/rack/logger.rb:38:in `call_app'
  railties (4.1.8) lib/rails/rack/logger.rb:20:in `block in call'
  activesupport (4.1.8) lib/active_support/tagged_logging.rb:68:in `block in tagged'
  activesupport (4.1.8) lib/active_support/tagged_logging.rb:26:in `tagged'
  activesupport (4.1.8) lib/active_support/tagged_logging.rb:68:in `tagged'
  railties (4.1.8) lib/rails/rack/logger.rb:20:in `call'
  actionpack (4.1.8) lib/action_dispatch/middleware/request_id.rb:21:in `call'
  rack (1.5.2) lib/rack/methodoverride.rb:21:in `call'
  rack (1.5.2) lib/rack/runtime.rb:17:in `call'
  activesupport (4.1.8) lib/active_support/cache/strategy/local_cache_middleware.rb:26:in `call'
  rack (1.5.2) lib/rack/lock.rb:17:in `call'
  actionpack (4.1.8) lib/action_dispatch/middleware/static.rb:84:in `call'
  rack (1.5.2) lib/rack/sendfile.rb:112:in `call'
  railties (4.1.8) lib/rails/engine.rb:514:in `call'
  railties (4.1.8) lib/rails/application.rb:144:in `call'
  rack (1.5.2) lib/rack/lock.rb:17:in `call'
  rack (1.5.2) lib/rack/content_length.rb:14:in `call'
  rack (1.5.2) lib/rack/handler/webrick.rb:60:in `service'
  C:/RailsInstaller/Ruby2.1.0/lib/ruby/2.1.0/webrick/httpserver.rb:138:in `service'
  C:/RailsInstaller/Ruby2.1.0/lib/ruby/2.1.0/webrick/httpserver.rb:94:in `run'
  C:/RailsInstaller/Ruby2.1.0/lib/ruby/2.1.0/webrick/server.rb:295:in `block in start_thread'


  Rendered C:/RailsInstaller/Ruby2.1.0/lib/ruby/gems/2.1.0/gems/actionpack-4.1.8/lib/action_dispatch/middleware/templates/rescues/_trace.html.erb (1.0ms)
  Rendered C:/RailsInstaller/Ruby2.1.0/lib/ruby/gems/2.1.0/gems/actionpack-4.1.8/lib/action_dispatch/middleware/templates/routes/_route.html.erb (1.0ms)
  Rendered C:/RailsInstaller/Ruby2.1.0/lib/ruby/gems/2.1.0/gems/actionpack-4.1.8/lib/action_dispatch/middleware/templates/routes/_table.html.erb (1.0ms)
  Rendered C:/RailsInstaller/Ruby2.1.0/lib/ruby/gems/2.1.0/gems/actionpack-4.1.8/lib/action_dispatch/middleware/templates/rescues/routing_error.html.erb within rescues/layout (51.2ms)


Started GET "/phones" for 127.0.0.1 at 2015-03-11 16:48:34 +0300
Processing by PhonesController#index as HTML
  [1m[36mPhone Load (1.0ms)[0m  [1mSELECT "phones".* FROM "phones"[0m
  Rendered phones/index.html.erb within layouts/application (2.7ms)
Completed 500 Internal Server Error in 2297ms

ActionView::Template::Error (TypeError: Object doesn't support this property or method
  (in C:/RailsInstaller/Ruby2.1.0/lib/ruby/gems/2.1.0/gems/turbolinks-2.5.3/lib/assets/javascripts/turbolinks.js.coffee)):
    3: <head>
    4:   <title>Phonebook</title>
    5:   <%= stylesheet_link_tag    'application', media: 'all', 'data-turbolinks-track' => true %>
    6:   <%= javascript_include_tag 'application', 'data-turbolinks-track' => true %>
    7:   <%= csrf_meta_tags %>
    8: </head>
    9: <body>
  app/views/layouts/application.html.erb:6:in `_app_views_layouts_application_html_erb___58094770_46867740'


  Rendered C:/RailsInstaller/Ruby2.1.0/lib/ruby/gems/2.1.0/gems/actionpack-4.1.8/lib/action_dispatch/middleware/templates/rescues/_trace.html.erb (2.0ms)
  Rendered C:/RailsInstaller/Ruby2.1.0/lib/ruby/gems/2.1.0/gems/actionpack-4.1.8/lib/action_dispatch/middleware/templates/rescues/_request_and_response.html.erb (1.0ms)
  Rendered C:/RailsInstaller/Ruby2.1.0/lib/ruby/gems/2.1.0/gems/actionpack-4.1.8/lib/action_dispatch/middleware/templates/rescues/template_error.html.erb within rescues/layout (36.0ms)


Started GET "/phones" for 127.0.0.1 at 2015-03-11 16:51:00 +0300
Processing by PhonesController#index as HTML
  [1m[35mPhone Load (1.0ms)[0m  SELECT "phones".* FROM "phones"
  Rendered phones/index.html.erb within layouts/application (2.3ms)
Completed 200 OK in 34ms (Views: 33.2ms | ActiveRecord: 1.0ms)


Started GET "/assets/phones.css?body=1" for 127.0.0.1 at 2015-03-11 16:51:00 +0300


Started GET "/assets/scaffolds.css?body=1" for 127.0.0.1 at 2015-03-11 16:51:00 +0300


Started GET "/assets/application.css?body=1" for 127.0.0.1 at 2015-03-11 16:51:00 +0300


Started GET "/phones/new" for 127.0.0.1 at 2015-03-11 16:51:20 +0300
Processing by PhonesController#new as HTML
  Rendered phones/_form.html.erb (72.9ms)
  Rendered phones/new.html.erb within layouts/application (75.9ms)
Completed 200 OK in 99ms (Views: 98.3ms | ActiveRecord: 0.0ms)


Started POST "/phones" for 127.0.0.1 at 2015-03-11 16:51:44 +0300
Processing by PhonesController#create as HTML
  Parameters: {"utf8"=>"✓", "authenticity_token"=>"Jf1HSyBR8qzNLYMGhlZ1tDPOZP4YKd1W1tBcj/yuodA=", "phone"=>{"name"=>"wala", "phone"=>"0919991783"}, "commit"=>"Create Phone"}
  [1m[36m (0.0ms)[0m  [1mbegin transaction[0m
  [1m[35mSQL (0.8ms)[0m  INSERT INTO "phones" ("created_at", "name", "phone", "updated_at") VALUES (?, ?, ?, ?)  [["created_at", "2015-03-11 13:51:44.874724"], ["name", "wala"], ["phone", "0919991783"], ["updated_at", "2015-03-11 13:51:44.874724"]]
  [1m[36m (100.9ms)[0m  [1mcommit transaction[0m
Redirected to http://localhost:3000/phones/1
Completed 302 Found in 138ms (ActiveRecord: 101.7ms)


Started GET "/phones/1" for 127.0.0.1 at 2015-03-11 16:51:45 +0300
Processing by PhonesController#show as HTML
  Parameters: {"id"=>"1"}
  [1m[35mPhone Load (0.0ms)[0m  SELECT  "phones".* FROM "phones"  WHERE "phones"."id" = ? LIMIT 1  [["id", 1]]
  Rendered phones/show.html.erb within layouts/application (1.0ms)
Completed 200 OK in 29ms (Views: 23.5ms | ActiveRecord: 0.0ms)


Started GET "/assets/phones.css?body=1" for 127.0.0.1 at 2015-03-11 16:51:45 +0300


Started GET "/assets/scaffolds.css?body=1" for 127.0.0.1 at 2015-03-11 16:51:45 +0300


Started GET "/phones" for 127.0.0.1 at 2015-03-11 16:51:49 +0300
Processing by PhonesController#index as HTML
  [1m[36mPhone Load (0.0ms)[0m  [1mSELECT "phones".* FROM "phones"[0m
  Rendered phones/index.html.erb within layouts/application (1.3ms)
Completed 200 OK in 25ms (Views: 25.0ms | ActiveRecord: 0.0ms)


Started GET "/assets/phones.css?body=1" for 127.0.0.1 at 2015-03-11 16:51:49 +0300


Started GET "/assets/scaffolds.css?body=1" for 127.0.0.1 at 2015-03-11 16:51:49 +0300


Started GET "/phones/new" for 127.0.0.1 at 2015-03-11 16:51:53 +0300
Processing by PhonesController#new as HTML
  Rendered phones/_form.html.erb (1.0ms)
  Rendered phones/new.html.erb within layouts/application (3.8ms)
Completed 200 OK in 27ms (Views: 25.7ms | ActiveRecord: 0.0ms)


Started GET "/assets/scaffolds.css?body=1" for 127.0.0.1 at 2015-03-11 16:51:53 +0300


Started GET "/assets/phones.css?body=1" for 127.0.0.1 at 2015-03-11 16:51:53 +0300


Started POST "/phones" for 127.0.0.1 at 2015-03-11 16:52:18 +0300
Processing by PhonesController#create as HTML
  Parameters: {"utf8"=>"✓", "authenticity_token"=>"Jf1HSyBR8qzNLYMGhlZ1tDPOZP4YKd1W1tBcj/yuodA=", "phone"=>{"name"=>"police ", "phone"=>"999"}, "commit"=>"Create Phone"}
  [1m[35m (0.0ms)[0m  begin transaction
  [1m[36mSQL (1.0ms)[0m  [1mINSERT INTO "phones" ("created_at", "name", "phone", "updated_at") VALUES (?, ?, ?, ?)[0m  [["created_at", "2015-03-11 13:52:18.546904"], ["name", "police "], ["phone", "999"], ["updated_at", "2015-03-11 13:52:18.546904"]]
  [1m[35m (83.7ms)[0m  commit transaction
Redirected to http://localhost:3000/phones/2
Completed 302 Found in 91ms (ActiveRecord: 84.7ms)


Started GET "/phones/2" for 127.0.0.1 at 2015-03-11 16:52:18 +0300
Processing by PhonesController#show as HTML
  Parameters: {"id"=>"2"}
  [1m[36mPhone Load (1.0ms)[0m  [1mSELECT  "phones".* FROM "phones"  WHERE "phones"."id" = ? LIMIT 1[0m  [["id", 2]]
  Rendered phones/show.html.erb within layouts/application (1.0ms)
Completed 200 OK in 44ms (Views: 41.0ms | ActiveRecord: 1.0ms)


Started GET "/assets/phones.css?body=1" for 127.0.0.1 at 2015-03-11 16:52:18 +0300


Started GET "/assets/scaffolds.css?body=1" for 127.0.0.1 at 2015-03-11 16:52:18 +0300


Started GET "/phones" for 127.0.0.1 at 2015-03-11 16:52:20 +0300
Processing by PhonesController#index as HTML
  [1m[35mPhone Load (0.0ms)[0m  SELECT "phones".* FROM "phones"
  Rendered phones/index.html.erb within layouts/application (2.5ms)
Completed 200 OK in 26ms (Views: 25.7ms | ActiveRecord: 0.0ms)


Started GET "/assets/phones.css?body=1" for 127.0.0.1 at 2015-03-11 16:52:20 +0300


Started GET "/assets/scaffolds.css?body=1" for 127.0.0.1 at 2015-03-11 16:52:21 +0300


Started GET "/phones" for 127.0.0.1 at 2015-03-11 16:54:19 +0300
Processing by PhonesController#index as HTML
  [1m[36mPhone Load (1.0ms)[0m  [1mSELECT "phones".* FROM "phones"[0m
  Rendered phones/index.html.erb within layouts/application (3.8ms)
Completed 200 OK in 39ms (Views: 36.8ms | ActiveRecord: 1.0ms)


Started GET "/assets/application.css?body=1" for 127.0.0.1 at 2015-03-11 16:54:19 +0300


Started GET "/assets/scaffolds.css?body=1" for 127.0.0.1 at 2015-03-11 16:54:19 +0300


Started GET "/assets/phones.css?body=1" for 127.0.0.1 at 2015-03-11 16:54:19 +0300


Started GET "/phones" for 127.0.0.1 at 2015-03-11 17:01:31 +0300
  [1m[36mActiveRecord::SchemaMigration Load (0.0ms)[0m  [1mSELECT "schema_migrations".* FROM "schema_migrations"[0m
Processing by PhonesController#index as HTML
  [1m[35mPhone Load (0.0ms)[0m  SELECT "phones".* FROM "phones"
  Rendered phones/index.html.erb within layouts/application (9.0ms)
Completed 200 OK in 70ms (Views: 53.0ms | ActiveRecord: 0.0ms)


Started GET "/assets/application.css?body=1" for 127.0.0.1 at 2015-03-11 17:01:32 +0300


Started GET "/assets/scaffolds.css?body=1" for 127.0.0.1 at 2015-03-11 17:01:32 +0300


Started GET "/assets/phones.css?body=1" for 127.0.0.1 at 2015-03-11 17:01:32 +0300
